<?xml version="1.0" encoding="UTF-8"?>
<!-- Generated by org.testng.reporters.JUnitXMLReporter -->
<testsuite hostname="T2UA3520Q89" ignored="0" name="TestLogin" tests="2" failures="0" timestamp="23 Sep 2019 14:32:35 GMT" time="15.643" errors="0">
  <testcase name="LoginToStore" time="4.506" classname="accountManagement.TestLoginFunctionality"/>
  <testcase name="LoginToStore" time="0.008" classname="accountManagement.TestLoginFunctionality">
    <skipped/>
  </testcase> <!-- LoginToStore -->
</testsuite> <!-- TestLogin -->
