<?xml version="1.0" encoding="UTF-8"?>
<testsuite xmlns:xsi="http://www.w3.org/2001/XMLSchema-instance" xsi:noNamespaceSchemaLocation="https://maven.apache.org/surefire/maven-surefire-plugin/xsd/surefire-test-report.xsd" name="TestSuite" time="23.4" tests="5" errors="0" skipped="3" failures="1">
  <properties>
[...]
</properties>
  <testcase name="LoginToStore" classname="accountManagement.TestLoginFunctionality" time="4.234"/>
  <testcase name="LoginToStore" classname="accountManagement.TestLoginFunctionality" time="0">
    <skipped message="expected:&lt;[Account Login]&gt; but was:&lt;[My Account]&gt;"/>
    <system-out><![CDATA[Test Method resides in accountManagement.TestLoginFunctionality
Test Method had the following parameters : 
Test Method had the following parameters : [Ljava.lang.Object;@6c345c5f
Test Status: Pass
2019-09-26 11:43:39 INFO  TestBase:438 - ------LoginToStore - test Started ------
2019-09-26 11:43:39 INFO  TestBase:341 - Navigate to base URL
2019-09-26 11:43:39 INFO  WebEventListener:26 - Before navigating to : 'http://usablackcaviar.com/'
2019-09-26 11:43:39 INFO  WebEventListener:30 - Navigated to:'http://usablackcaviar.com/'
2019-09-26 11:43:39 INFO  TestBase:1004 - Validation of run mode flag
2019-09-26 11:43:39 INFO  WebEventListener:73 - Trying to find Element By : By.linkText: My Account
2019-09-26 11:43:39 INFO  WebEventListener:77 - Found Element By : By.linkText: My Account
2019-09-26 11:43:39 INFO  HomePage:29 - Click on [My Account Link From Navigation menu] and page object is - [[ChromeDriver: chrome on XP (3e3e842939c190000d76b4827cbf330f)] -> link text: My Account]
2019-09-26 11:43:39 INFO  WebEventListener:73 - Trying to find Element By : By.linkText: My Account
2019-09-26 11:43:39 INFO  WebEventListener:77 - Found Element By : By.linkText: My Account
2019-09-26 11:43:40 INFO  WebEventListener:73 - Trying to find Element By : By.linkText: My Account
2019-09-26 11:43:40 INFO  WebEventListener:77 - Found Element By : By.linkText: My Account
2019-09-26 11:43:40 INFO  TestBase:646 - waiting for loading of element :[[ChromeDriver: chrome on XP (3e3e842939c190000d76b4827cbf330f)] -> link text: My Account]
2019-09-26 11:43:40 INFO  TestBase:647 - Waiting time for element is - 94 milliseconds
2019-09-26 11:43:40 INFO  WebEventListener:73 - Trying to find Element By : By.linkText: My Account
2019-09-26 11:43:40 INFO  WebEventListener:77 - Found Element By : By.linkText: My Account
2019-09-26 11:43:40 INFO  WebEventListener:42 - Trying to click on: [[ChromeDriver: chrome on XP (3e3e842939c190000d76b4827cbf330f)] -> link text: My Account]
2019-09-26 11:43:40 INFO  WebEventListener:47 - Clicked on: [[ChromeDriver: chrome on XP (3e3e842939c190000d76b4827cbf330f)] -> link text: My Account]
2019-09-26 11:43:40 INFO  WebEventListener:73 - Trying to find Element By : By.linkText: Login
2019-09-26 11:43:40 INFO  WebEventListener:77 - Found Element By : By.linkText: Login
2019-09-26 11:43:40 INFO  HomePage:35 - Click on [My Account Link From Navigation menu] and page object is - [[ChromeDriver: chrome on XP (3e3e842939c190000d76b4827cbf330f)] -> link text: Login]
2019-09-26 11:43:40 INFO  WebEventListener:73 - Trying to find Element By : By.linkText: Login
2019-09-26 11:43:40 INFO  WebEventListener:77 - Found Element By : By.linkText: Login
2019-09-26 11:43:40 INFO  WebEventListener:73 - Trying to find Element By : By.linkText: Login
2019-09-26 11:43:40 INFO  WebEventListener:77 - Found Element By : By.linkText: Login
2019-09-26 11:43:40 INFO  TestBase:646 - waiting for loading of element :[[ChromeDriver: chrome on XP (3e3e842939c190000d76b4827cbf330f)] -> link text: Login]
2019-09-26 11:43:40 INFO  TestBase:647 - Waiting time for element is - 43 milliseconds
2019-09-26 11:43:40 INFO  WebEventListener:73 - Trying to find Element By : By.linkText: Login
2019-09-26 11:43:40 INFO  WebEventListener:77 - Found Element By : By.linkText: Login
2019-09-26 11:43:40 INFO  WebEventListener:42 - Trying to click on: [[ChromeDriver: chrome on XP (3e3e842939c190000d76b4827cbf330f)] -> link text: Login]
2019-09-26 11:43:40 INFO  WebEventListener:47 - Clicked on: [[ChromeDriver: chrome on XP (3e3e842939c190000d76b4827cbf330f)] -> link text: Login]
2019-09-26 11:43:40 INFO  WebEventListener:73 - Trying to find Element By : By.xpath: .//*[@id='input-email']
2019-09-26 11:43:40 INFO  WebEventListener:77 - Found Element By : By.xpath: .//*[@id='input-email']
2019-09-26 11:43:40 INFO  LoginPage:133 - intere value to e-mail address field and page object is - [[ChromeDriver: chrome on XP (3e3e842939c190000d76b4827cbf330f)] -> xpath: .//*[@id='input-email']]
2019-09-26 11:43:40 INFO  WebEventListener:73 - Trying to find Element By : By.xpath: .//*[@id='input-email']
2019-09-26 11:43:40 INFO  WebEventListener:77 - Found Element By : By.xpath: .//*[@id='input-email']
2019-09-26 11:43:40 INFO  WebEventListener:73 - Trying to find Element By : By.xpath: .//*[@id='input-email']
2019-09-26 11:43:40 INFO  WebEventListener:77 - Found Element By : By.xpath: .//*[@id='input-email']
2019-09-26 11:43:40 INFO  WebEventListener:73 - Trying to find Element By : By.id: input-password
2019-09-26 11:43:40 INFO  WebEventListener:77 - Found Element By : By.id: input-password
2019-09-26 11:43:40 INFO  LoginPage:137 - intere value to password field ana page object is - [[ChromeDriver: chrome on XP (3e3e842939c190000d76b4827cbf330f)] -> id: input-password]
2019-09-26 11:43:40 INFO  WebEventListener:73 - Trying to find Element By : By.id: input-password
2019-09-26 11:43:40 INFO  WebEventListener:77 - Found Element By : By.id: input-password
2019-09-26 11:43:40 INFO  WebEventListener:73 - Trying to find Element By : By.id: input-password
2019-09-26 11:43:40 INFO  WebEventListener:77 - Found Element By : By.id: input-password
2019-09-26 11:43:40 INFO  WebEventListener:73 - Trying to find Element By : By.xpath: .//*[@id='content']/div/div[2]/div/form/input
2019-09-26 11:43:41 INFO  WebEventListener:77 - Found Element By : By.xpath: .//*[@id='content']/div/div[2]/div/form/input
2019-09-26 11:43:41 INFO  LoginPage:141 - "Click on login button"[[ChromeDriver: chrome on XP (3e3e842939c190000d76b4827cbf330f)] -> xpath: .//*[@id='content']/div/div[2]/div/form/input]
2019-09-26 11:43:41 INFO  WebEventListener:73 - Trying to find Element By : By.xpath: .//*[@id='content']/div/div[2]/div/form/input
2019-09-26 11:43:41 INFO  WebEventListener:77 - Found Element By : By.xpath: .//*[@id='content']/div/div[2]/div/form/input
2019-09-26 11:43:41 INFO  WebEventListener:42 - Trying to click on: [[ChromeDriver: chrome on XP (3e3e842939c190000d76b4827cbf330f)] -> xpath: .//*[@id='content']/div/div[2]/div/form/input]
2019-09-26 11:43:41 INFO  WebEventListener:47 - Clicked on: [[ChromeDriver: chrome on XP (3e3e842939c190000d76b4827cbf330f)] -> xpath: .//*[@id='content']/div/div[2]/div/form/input]
2019-09-26 11:43:41 INFO  TestBase:849 - Waiting for page [http://usablackcaviar.com/index.php?route=account/login] to load....
2019-09-26 11:43:41 INFO  WebEventListener:85 - Just before beforeScript ChromeDriver: chrome on XP (3e3e842939c190000d76b4827cbf330f)
2019-09-26 11:43:41 INFO  WebEventListener:89 - Just after afterScript ChromeDriver: chrome on XP (3e3e842939c190000d76b4827cbf330f)
2019-09-26 11:43:41 INFO  TestBase:862 - Page loading time is: 22 ms
2019-09-26 11:43:41 INFO  Retry:40 - Retrying test LoginToStore with status FAILURE for the 1 time(s).
]]></system-out>
  </testcase>
  <testcase name="LoginToStore" classname="accountManagement.TestLoginFunctionality" time="0">
    <skipped message="expected:&lt;[Account Login]&gt; but was:&lt;[My Account]&gt;"/>
    <system-out><![CDATA[2019-09-26 11:43:41 INFO  TestBase:438 - ------LoginToStore - test Started ------
2019-09-26 11:43:41 INFO  TestBase:341 - Navigate to base URL
2019-09-26 11:43:41 INFO  WebEventListener:26 - Before navigating to : 'http://usablackcaviar.com/'
2019-09-26 11:43:41 INFO  WebEventListener:30 - Navigated to:'http://usablackcaviar.com/'
2019-09-26 11:43:41 INFO  TestBase:1004 - Validation of run mode flag
2019-09-26 11:43:41 INFO  WebEventListener:73 - Trying to find Element By : By.linkText: My Account
2019-09-26 11:43:41 INFO  WebEventListener:77 - Found Element By : By.linkText: My Account
2019-09-26 11:43:41 INFO  HomePage:29 - Click on [My Account Link From Navigation menu] and page object is - [[ChromeDriver: chrome on XP (3e3e842939c190000d76b4827cbf330f)] -> link text: My Account]
2019-09-26 11:43:41 INFO  WebEventListener:73 - Trying to find Element By : By.linkText: My Account
2019-09-26 11:43:41 INFO  WebEventListener:77 - Found Element By : By.linkText: My Account
2019-09-26 11:43:42 INFO  WebEventListener:73 - Trying to find Element By : By.linkText: My Account
2019-09-26 11:43:42 INFO  WebEventListener:77 - Found Element By : By.linkText: My Account
2019-09-26 11:43:42 INFO  TestBase:646 - waiting for loading of element :[[ChromeDriver: chrome on XP (3e3e842939c190000d76b4827cbf330f)] -> link text: My Account]
2019-09-26 11:43:42 INFO  TestBase:647 - Waiting time for element is - 73 milliseconds
2019-09-26 11:43:42 INFO  WebEventListener:73 - Trying to find Element By : By.linkText: My Account
2019-09-26 11:43:42 INFO  WebEventListener:77 - Found Element By : By.linkText: My Account
2019-09-26 11:43:42 INFO  WebEventListener:42 - Trying to click on: [[ChromeDriver: chrome on XP (3e3e842939c190000d76b4827cbf330f)] -> link text: My Account]
2019-09-26 11:43:42 INFO  WebEventListener:47 - Clicked on: [[ChromeDriver: chrome on XP (3e3e842939c190000d76b4827cbf330f)] -> link text: My Account]
2019-09-26 11:43:42 INFO  WebEventListener:73 - Trying to find Element By : By.linkText: Login
2019-09-26 11:43:42 INFO  WebEventListener:77 - Found Element By : By.linkText: Login
2019-09-26 11:43:42 INFO  HomePage:35 - Click on [My Account Link From Navigation menu] and page object is - [[ChromeDriver: chrome on XP (3e3e842939c190000d76b4827cbf330f)] -> link text: Login]
2019-09-26 11:43:42 INFO  WebEventListener:73 - Trying to find Element By : By.linkText: Login
2019-09-26 11:43:42 INFO  WebEventListener:77 - Found Element By : By.linkText: Login
2019-09-26 11:43:42 INFO  WebEventListener:73 - Trying to find Element By : By.linkText: Login
2019-09-26 11:43:42 INFO  WebEventListener:77 - Found Element By : By.linkText: Login
2019-09-26 11:43:42 INFO  TestBase:646 - waiting for loading of element :[[ChromeDriver: chrome on XP (3e3e842939c190000d76b4827cbf330f)] -> link text: Login]
2019-09-26 11:43:42 INFO  TestBase:647 - Waiting time for element is - 46 milliseconds
2019-09-26 11:43:42 INFO  WebEventListener:73 - Trying to find Element By : By.linkText: Login
2019-09-26 11:43:42 INFO  WebEventListener:77 - Found Element By : By.linkText: Login
2019-09-26 11:43:42 INFO  WebEventListener:42 - Trying to click on: [[ChromeDriver: chrome on XP (3e3e842939c190000d76b4827cbf330f)] -> link text: Login]
2019-09-26 11:43:42 INFO  WebEventListener:47 - Clicked on: [[ChromeDriver: chrome on XP (3e3e842939c190000d76b4827cbf330f)] -> link text: Login]
2019-09-26 11:43:42 INFO  WebEventListener:73 - Trying to find Element By : By.xpath: .//*[@id='input-email']
2019-09-26 11:43:42 INFO  WebEventListener:77 - Found Element By : By.xpath: .//*[@id='input-email']
2019-09-26 11:43:42 INFO  LoginPage:133 - intere value to e-mail address field and page object is - [[ChromeDriver: chrome on XP (3e3e842939c190000d76b4827cbf330f)] -> xpath: .//*[@id='input-email']]
2019-09-26 11:43:42 INFO  WebEventListener:73 - Trying to find Element By : By.xpath: .//*[@id='input-email']
2019-09-26 11:43:42 INFO  WebEventListener:77 - Found Element By : By.xpath: .//*[@id='input-email']
2019-09-26 11:43:42 INFO  WebEventListener:73 - Trying to find Element By : By.xpath: .//*[@id='input-email']
2019-09-26 11:43:42 INFO  WebEventListener:77 - Found Element By : By.xpath: .//*[@id='input-email']
2019-09-26 11:43:43 INFO  WebEventListener:73 - Trying to find Element By : By.id: input-password
2019-09-26 11:43:43 INFO  WebEventListener:77 - Found Element By : By.id: input-password
2019-09-26 11:43:43 INFO  LoginPage:137 - intere value to password field ana page object is - [[ChromeDriver: chrome on XP (3e3e842939c190000d76b4827cbf330f)] -> id: input-password]
2019-09-26 11:43:43 INFO  WebEventListener:73 - Trying to find Element By : By.id: input-password
2019-09-26 11:43:43 INFO  WebEventListener:77 - Found Element By : By.id: input-password
2019-09-26 11:43:43 INFO  WebEventListener:73 - Trying to find Element By : By.id: input-password
2019-09-26 11:43:43 INFO  WebEventListener:77 - Found Element By : By.id: input-password
2019-09-26 11:43:43 INFO  WebEventListener:73 - Trying to find Element By : By.xpath: .//*[@id='content']/div/div[2]/div/form/input
2019-09-26 11:43:43 INFO  WebEventListener:77 - Found Element By : By.xpath: .//*[@id='content']/div/div[2]/div/form/input
2019-09-26 11:43:43 INFO  LoginPage:141 - "Click on login button"[[ChromeDriver: chrome on XP (3e3e842939c190000d76b4827cbf330f)] -> xpath: .//*[@id='content']/div/div[2]/div/form/input]
2019-09-26 11:43:43 INFO  WebEventListener:73 - Trying to find Element By : By.xpath: .//*[@id='content']/div/div[2]/div/form/input
2019-09-26 11:43:43 INFO  WebEventListener:77 - Found Element By : By.xpath: .//*[@id='content']/div/div[2]/div/form/input
2019-09-26 11:43:43 INFO  WebEventListener:42 - Trying to click on: [[ChromeDriver: chrome on XP (3e3e842939c190000d76b4827cbf330f)] -> xpath: .//*[@id='content']/div/div[2]/div/form/input]
2019-09-26 11:43:43 INFO  WebEventListener:47 - Clicked on: [[ChromeDriver: chrome on XP (3e3e842939c190000d76b4827cbf330f)] -> xpath: .//*[@id='content']/div/div[2]/div/form/input]
2019-09-26 11:43:43 INFO  TestBase:849 - Waiting for page [http://usablackcaviar.com/index.php?route=account/login] to load....
2019-09-26 11:43:43 INFO  WebEventListener:85 - Just before beforeScript ChromeDriver: chrome on XP (3e3e842939c190000d76b4827cbf330f)
2019-09-26 11:43:43 INFO  WebEventListener:89 - Just after afterScript ChromeDriver: chrome on XP (3e3e842939c190000d76b4827cbf330f)
2019-09-26 11:43:43 INFO  TestBase:862 - Page loading time is: 42 ms
2019-09-26 11:43:43 INFO  Retry:40 - Retrying test LoginToStore with status FAILURE for the 2 time(s).
]]></system-out>
  </testcase>
  <testcase name="LoginToStore" classname="accountManagement.TestLoginFunctionality" time="0">
    <skipped message="expected:&lt;[Account Login]&gt; but was:&lt;[My Account]&gt;"/>
    <system-out><![CDATA[2019-09-26 11:43:43 INFO  TestBase:438 - ------LoginToStore - test Started ------
2019-09-26 11:43:43 INFO  TestBase:341 - Navigate to base URL
2019-09-26 11:43:43 INFO  WebEventListener:26 - Before navigating to : 'http://usablackcaviar.com/'
2019-09-26 11:43:43 INFO  WebEventListener:30 - Navigated to:'http://usablackcaviar.com/'
2019-09-26 11:43:43 INFO  TestBase:1004 - Validation of run mode flag
2019-09-26 11:43:43 INFO  WebEventListener:73 - Trying to find Element By : By.linkText: My Account
2019-09-26 11:43:44 INFO  WebEventListener:77 - Found Element By : By.linkText: My Account
2019-09-26 11:43:44 INFO  HomePage:29 - Click on [My Account Link From Navigation menu] and page object is - [[ChromeDriver: chrome on XP (3e3e842939c190000d76b4827cbf330f)] -> link text: My Account]
2019-09-26 11:43:44 INFO  WebEventListener:73 - Trying to find Element By : By.linkText: My Account
2019-09-26 11:43:44 INFO  WebEventListener:77 - Found Element By : By.linkText: My Account
2019-09-26 11:43:44 INFO  WebEventListener:73 - Trying to find Element By : By.linkText: My Account
2019-09-26 11:43:44 INFO  WebEventListener:77 - Found Element By : By.linkText: My Account
2019-09-26 11:43:44 INFO  TestBase:646 - waiting for loading of element :[[ChromeDriver: chrome on XP (3e3e842939c190000d76b4827cbf330f)] -> link text: My Account]
2019-09-26 11:43:44 INFO  TestBase:647 - Waiting time for element is - 105 milliseconds
2019-09-26 11:43:44 INFO  WebEventListener:73 - Trying to find Element By : By.linkText: My Account
2019-09-26 11:43:44 INFO  WebEventListener:77 - Found Element By : By.linkText: My Account
2019-09-26 11:43:44 INFO  WebEventListener:42 - Trying to click on: [[ChromeDriver: chrome on XP (3e3e842939c190000d76b4827cbf330f)] -> link text: My Account]
2019-09-26 11:43:44 INFO  WebEventListener:47 - Clicked on: [[ChromeDriver: chrome on XP (3e3e842939c190000d76b4827cbf330f)] -> link text: My Account]
2019-09-26 11:43:44 INFO  WebEventListener:73 - Trying to find Element By : By.linkText: Login
2019-09-26 11:43:44 INFO  WebEventListener:77 - Found Element By : By.linkText: Login
2019-09-26 11:43:44 INFO  HomePage:35 - Click on [My Account Link From Navigation menu] and page object is - [[ChromeDriver: chrome on XP (3e3e842939c190000d76b4827cbf330f)] -> link text: Login]
2019-09-26 11:43:44 INFO  WebEventListener:73 - Trying to find Element By : By.linkText: Login
2019-09-26 11:43:44 INFO  WebEventListener:77 - Found Element By : By.linkText: Login
2019-09-26 11:43:44 INFO  WebEventListener:73 - Trying to find Element By : By.linkText: Login
2019-09-26 11:43:44 INFO  WebEventListener:77 - Found Element By : By.linkText: Login
2019-09-26 11:43:44 INFO  TestBase:646 - waiting for loading of element :[[ChromeDriver: chrome on XP (3e3e842939c190000d76b4827cbf330f)] -> link text: Login]
2019-09-26 11:43:44 INFO  TestBase:647 - Waiting time for element is - 64 milliseconds
2019-09-26 11:43:44 INFO  WebEventListener:73 - Trying to find Element By : By.linkText: Login
2019-09-26 11:43:44 INFO  WebEventListener:77 - Found Element By : By.linkText: Login
2019-09-26 11:43:44 INFO  WebEventListener:42 - Trying to click on: [[ChromeDriver: chrome on XP (3e3e842939c190000d76b4827cbf330f)] -> link text: Login]
2019-09-26 11:43:44 INFO  WebEventListener:47 - Clicked on: [[ChromeDriver: chrome on XP (3e3e842939c190000d76b4827cbf330f)] -> link text: Login]
2019-09-26 11:43:44 INFO  WebEventListener:73 - Trying to find Element By : By.xpath: .//*[@id='input-email']
2019-09-26 11:43:44 INFO  WebEventListener:77 - Found Element By : By.xpath: .//*[@id='input-email']
2019-09-26 11:43:44 INFO  LoginPage:133 - intere value to e-mail address field and page object is - [[ChromeDriver: chrome on XP (3e3e842939c190000d76b4827cbf330f)] -> xpath: .//*[@id='input-email']]
2019-09-26 11:43:44 INFO  WebEventListener:73 - Trying to find Element By : By.xpath: .//*[@id='input-email']
2019-09-26 11:43:45 INFO  WebEventListener:77 - Found Element By : By.xpath: .//*[@id='input-email']
2019-09-26 11:43:45 INFO  WebEventListener:73 - Trying to find Element By : By.xpath: .//*[@id='input-email']
2019-09-26 11:43:45 INFO  WebEventListener:77 - Found Element By : By.xpath: .//*[@id='input-email']
2019-09-26 11:43:45 INFO  WebEventListener:73 - Trying to find Element By : By.id: input-password
2019-09-26 11:43:45 INFO  WebEventListener:77 - Found Element By : By.id: input-password
2019-09-26 11:43:45 INFO  LoginPage:137 - intere value to password field ana page object is - [[ChromeDriver: chrome on XP (3e3e842939c190000d76b4827cbf330f)] -> id: input-password]
2019-09-26 11:43:45 INFO  WebEventListener:73 - Trying to find Element By : By.id: input-password
2019-09-26 11:43:45 INFO  WebEventListener:77 - Found Element By : By.id: input-password
2019-09-26 11:43:45 INFO  WebEventListener:73 - Trying to find Element By : By.id: input-password
2019-09-26 11:43:45 INFO  WebEventListener:77 - Found Element By : By.id: input-password
2019-09-26 11:43:45 INFO  WebEventListener:73 - Trying to find Element By : By.xpath: .//*[@id='content']/div/div[2]/div/form/input
2019-09-26 11:43:45 INFO  WebEventListener:77 - Found Element By : By.xpath: .//*[@id='content']/div/div[2]/div/form/input
2019-09-26 11:43:45 INFO  LoginPage:141 - "Click on login button"[[ChromeDriver: chrome on XP (3e3e842939c190000d76b4827cbf330f)] -> xpath: .//*[@id='content']/div/div[2]/div/form/input]
2019-09-26 11:43:45 INFO  WebEventListener:73 - Trying to find Element By : By.xpath: .//*[@id='content']/div/div[2]/div/form/input
2019-09-26 11:43:45 INFO  WebEventListener:77 - Found Element By : By.xpath: .//*[@id='content']/div/div[2]/div/form/input
2019-09-26 11:43:45 INFO  WebEventListener:42 - Trying to click on: [[ChromeDriver: chrome on XP (3e3e842939c190000d76b4827cbf330f)] -> xpath: .//*[@id='content']/div/div[2]/div/form/input]
2019-09-26 11:43:45 INFO  WebEventListener:47 - Clicked on: [[ChromeDriver: chrome on XP (3e3e842939c190000d76b4827cbf330f)] -> xpath: .//*[@id='content']/div/div[2]/div/form/input]
2019-09-26 11:43:45 INFO  TestBase:849 - Waiting for page [http://usablackcaviar.com/index.php?route=account/login] to load....
2019-09-26 11:43:45 INFO  WebEventListener:85 - Just before beforeScript ChromeDriver: chrome on XP (3e3e842939c190000d76b4827cbf330f)
2019-09-26 11:43:46 INFO  WebEventListener:89 - Just after afterScript ChromeDriver: chrome on XP (3e3e842939c190000d76b4827cbf330f)
2019-09-26 11:43:46 INFO  TestBase:862 - Page loading time is: 44 ms
2019-09-26 11:43:46 INFO  Retry:40 - Retrying test LoginToStore with status FAILURE for the 3 time(s).
]]></system-out>
  </testcase>
  <testcase name="LoginToStore" classname="accountManagement.TestLoginFunctionality" time="2.515">
    <failure message="expected:&lt;[Account Login]&gt; but was:&lt;[My Account]&gt;" type="org.junit.ComparisonFailure"><![CDATA[org.junit.ComparisonFailure: expected:<[Account Login]> but was:<[My Account]>
	at accountManagement.TestLoginFunctionality.LoginToStore(TestLoginFunctionality.java:37)
]]></failure>
    <system-out><![CDATA[2019-09-26 11:43:46 INFO  TestBase:438 - ------LoginToStore - test Started ------
2019-09-26 11:43:46 INFO  TestBase:341 - Navigate to base URL
2019-09-26 11:43:46 INFO  WebEventListener:26 - Before navigating to : 'http://usablackcaviar.com/'
2019-09-26 11:43:46 INFO  WebEventListener:30 - Navigated to:'http://usablackcaviar.com/'
2019-09-26 11:43:46 INFO  TestBase:1004 - Validation of run mode flag
2019-09-26 11:43:46 INFO  WebEventListener:73 - Trying to find Element By : By.linkText: My Account
2019-09-26 11:43:46 INFO  WebEventListener:77 - Found Element By : By.linkText: My Account
2019-09-26 11:43:46 INFO  HomePage:29 - Click on [My Account Link From Navigation menu] and page object is - [[ChromeDriver: chrome on XP (3e3e842939c190000d76b4827cbf330f)] -> link text: My Account]
2019-09-26 11:43:46 INFO  WebEventListener:73 - Trying to find Element By : By.linkText: My Account
2019-09-26 11:43:46 INFO  WebEventListener:77 - Found Element By : By.linkText: My Account
2019-09-26 11:43:46 INFO  WebEventListener:73 - Trying to find Element By : By.linkText: My Account
2019-09-26 11:43:46 INFO  WebEventListener:77 - Found Element By : By.linkText: My Account
2019-09-26 11:43:46 INFO  TestBase:646 - waiting for loading of element :[[ChromeDriver: chrome on XP (3e3e842939c190000d76b4827cbf330f)] -> link text: My Account]
2019-09-26 11:43:46 INFO  TestBase:647 - Waiting time for element is - 94 milliseconds
2019-09-26 11:43:46 INFO  WebEventListener:73 - Trying to find Element By : By.linkText: My Account
2019-09-26 11:43:46 INFO  WebEventListener:77 - Found Element By : By.linkText: My Account
2019-09-26 11:43:46 INFO  WebEventListener:42 - Trying to click on: [[ChromeDriver: chrome on XP (3e3e842939c190000d76b4827cbf330f)] -> link text: My Account]
2019-09-26 11:43:46 INFO  WebEventListener:47 - Clicked on: [[ChromeDriver: chrome on XP (3e3e842939c190000d76b4827cbf330f)] -> link text: My Account]
2019-09-26 11:43:46 INFO  WebEventListener:73 - Trying to find Element By : By.linkText: Login
2019-09-26 11:43:46 INFO  WebEventListener:77 - Found Element By : By.linkText: Login
2019-09-26 11:43:46 INFO  HomePage:35 - Click on [My Account Link From Navigation menu] and page object is - [[ChromeDriver: chrome on XP (3e3e842939c190000d76b4827cbf330f)] -> link text: Login]
2019-09-26 11:43:46 INFO  WebEventListener:73 - Trying to find Element By : By.linkText: Login
2019-09-26 11:43:46 INFO  WebEventListener:77 - Found Element By : By.linkText: Login
2019-09-26 11:43:47 INFO  WebEventListener:73 - Trying to find Element By : By.linkText: Login
2019-09-26 11:43:47 INFO  WebEventListener:77 - Found Element By : By.linkText: Login
2019-09-26 11:43:47 INFO  TestBase:646 - waiting for loading of element :[[ChromeDriver: chrome on XP (3e3e842939c190000d76b4827cbf330f)] -> link text: Login]
2019-09-26 11:43:47 INFO  TestBase:647 - Waiting time for element is - 65 milliseconds
2019-09-26 11:43:47 INFO  WebEventListener:73 - Trying to find Element By : By.linkText: Login
2019-09-26 11:43:47 INFO  WebEventListener:77 - Found Element By : By.linkText: Login
2019-09-26 11:43:47 INFO  WebEventListener:42 - Trying to click on: [[ChromeDriver: chrome on XP (3e3e842939c190000d76b4827cbf330f)] -> link text: Login]
2019-09-26 11:43:47 INFO  WebEventListener:47 - Clicked on: [[ChromeDriver: chrome on XP (3e3e842939c190000d76b4827cbf330f)] -> link text: Login]
2019-09-26 11:43:47 INFO  WebEventListener:73 - Trying to find Element By : By.xpath: .//*[@id='input-email']
2019-09-26 11:43:47 INFO  WebEventListener:77 - Found Element By : By.xpath: .//*[@id='input-email']
2019-09-26 11:43:47 INFO  LoginPage:133 - intere value to e-mail address field and page object is - [[ChromeDriver: chrome on XP (3e3e842939c190000d76b4827cbf330f)] -> xpath: .//*[@id='input-email']]
2019-09-26 11:43:47 INFO  WebEventListener:73 - Trying to find Element By : By.xpath: .//*[@id='input-email']
2019-09-26 11:43:47 INFO  WebEventListener:77 - Found Element By : By.xpath: .//*[@id='input-email']
2019-09-26 11:43:47 INFO  WebEventListener:73 - Trying to find Element By : By.xpath: .//*[@id='input-email']
2019-09-26 11:43:47 INFO  WebEventListener:77 - Found Element By : By.xpath: .//*[@id='input-email']
2019-09-26 11:43:47 INFO  WebEventListener:73 - Trying to find Element By : By.id: input-password
2019-09-26 11:43:47 INFO  WebEventListener:77 - Found Element By : By.id: input-password
2019-09-26 11:43:47 INFO  LoginPage:137 - intere value to password field ana page object is - [[ChromeDriver: chrome on XP (3e3e842939c190000d76b4827cbf330f)] -> id: input-password]
2019-09-26 11:43:47 INFO  WebEventListener:73 - Trying to find Element By : By.id: input-password
2019-09-26 11:43:47 INFO  WebEventListener:77 - Found Element By : By.id: input-password
2019-09-26 11:43:47 INFO  WebEventListener:73 - Trying to find Element By : By.id: input-password
2019-09-26 11:43:47 INFO  WebEventListener:77 - Found Element By : By.id: input-password
2019-09-26 11:43:47 INFO  WebEventListener:73 - Trying to find Element By : By.xpath: .//*[@id='content']/div/div[2]/div/form/input
2019-09-26 11:43:47 INFO  WebEventListener:77 - Found Element By : By.xpath: .//*[@id='content']/div/div[2]/div/form/input
2019-09-26 11:43:47 INFO  LoginPage:141 - "Click on login button"[[ChromeDriver: chrome on XP (3e3e842939c190000d76b4827cbf330f)] -> xpath: .//*[@id='content']/div/div[2]/div/form/input]
2019-09-26 11:43:47 INFO  WebEventListener:73 - Trying to find Element By : By.xpath: .//*[@id='content']/div/div[2]/div/form/input
2019-09-26 11:43:47 INFO  WebEventListener:77 - Found Element By : By.xpath: .//*[@id='content']/div/div[2]/div/form/input
2019-09-26 11:43:47 INFO  WebEventListener:42 - Trying to click on: [[ChromeDriver: chrome on XP (3e3e842939c190000d76b4827cbf330f)] -> xpath: .//*[@id='content']/div/div[2]/div/form/input]
2019-09-26 11:43:48 INFO  WebEventListener:47 - Clicked on: [[ChromeDriver: chrome on XP (3e3e842939c190000d76b4827cbf330f)] -> xpath: .//*[@id='content']/div/div[2]/div/form/input]
2019-09-26 11:43:48 INFO  TestBase:849 - Waiting for page [http://usablackcaviar.com/index.php?route=account/login] to load....
2019-09-26 11:43:48 INFO  WebEventListener:85 - Just before beforeScript ChromeDriver: chrome on XP (3e3e842939c190000d76b4827cbf330f)
2019-09-26 11:43:48 INFO  WebEventListener:89 - Just after afterScript ChromeDriver: chrome on XP (3e3e842939c190000d76b4827cbf330f)
2019-09-26 11:43:48 INFO  TestBase:862 - Page loading time is: 13 ms
]]></system-out>
  </testcase>
</testsuite>