<?xml version="1.0" encoding="UTF-8"?>
<testsuite xmlns:xsi="http://www.w3.org/2001/XMLSchema-instance" xsi:noNamespaceSchemaLocation="https://maven.apache.org/surefire/maven-surefire-plugin/xsd/surefire-test-report.xsd" name="TestSuite" time="17.025" tests="2" errors="0" skipped="1" failures="0">
  <properties>
[...]
</properties>
  <testcase name="LoginToStore" classname="accountManagement.TestLoginFunctionality" time="7.391"/>
  <testcase name="LoginToStore" classname="accountManagement.TestLoginFunctionality" time="0">
    <skipped message="Skip the test"/>
    <system-out><![CDATA[Test Method resides in accountManagement.TestLoginFunctionality
Test Method had the following parameters : 
Test Method had the following parameters : [Ljava.lang.Object;@7a356a0d
Test Status: Pass
2019-09-23 11:57:19 INFO  TestBase:438 - ------LoginToStore - test Started ------
2019-09-23 11:57:19 INFO  TestBase:341 - Navigate to base URL
2019-09-23 11:57:19 INFO  WebEventListener:26 - Before navigating to : 'http://usablackcaviar.com/'
2019-09-23 11:57:19 INFO  WebEventListener:30 - Navigated to:'http://usablackcaviar.com/'
2019-09-23 11:57:19 INFO  TestBase:1004 - Validation of run mode flag
]]></system-out>
  </testcase>
</testsuite>