-------------------------------------------------------------------------------
Test set: TestSuite
-------------------------------------------------------------------------------
Tests run: 5, Failures: 1, Errors: 0, Skipped: 3, Time elapsed: 23.4 s <<< FAILURE! - in TestSuite
LoginToStore(accountManagement.TestLoginFunctionality)  Time elapsed: 2.515 s  <<< FAILURE!
org.junit.ComparisonFailure: expected:<[Account Login]> but was:<[My Account]>
	at accountManagement.TestLoginFunctionality.LoginToStore(TestLoginFunctionality.java:37)

