<?xml version="1.0" encoding="UTF-8"?>
<testng-results skipped="1" failed="0" ignored="0" total="2" passed="1">
  <reporter-output>
    <line>
      <![CDATA[About to begin executing Suite Suite usa black caviar]]>
    </line>
    <line>
      <![CDATA[
 ========About to begin executing Test TestLogin========= 
]]>
    </line>
    <line>
      <![CDATA[Test Method resides in accountManagement.TestLoginFunctionality]]>
    </line>
    <line>
      <![CDATA[Test Method had the following parameters : ]]>
    </line>
    <line>
      <![CDATA[Test Method had the following parameters : [Ljava.lang.Object;@673bb956]]>
    </line>
    <line>
      <![CDATA[Test Status: Pass]]>
    </line>
    <line>
      <![CDATA[Test is skipped:LoginToStore]]>
    </line>
  </reporter-output>
  <suite name="Suite usa black caviar" duration-ms="15766" started-at="2019-09-26T00:22:30Z" finished-at="2019-09-26T00:22:45Z">
    <groups>
    </groups>
    <test name="TestLogin" duration-ms="15766" started-at="2019-09-26T00:22:30Z" finished-at="2019-09-26T00:22:45Z">
      <class name="accountManagement.TestLoginFunctionality">
        <test-method status="PASS" signature="setUp(java.lang.String, java.lang.String)[pri:0, instance:accountManagement.TestLoginFunctionality@2de23121]" name="setUp" is-config="true" duration-ms="5646" started-at="2019-09-26T00:22:30Z" finished-at="2019-09-26T00:22:35Z">
          <params>
            <param index="0">
              <value>
                <![CDATA[stg]]>
              </value>
            </param>
            <param index="1">
              <value>
                <![CDATA[chrome]]>
              </value>
            </param>
          </params>
          <reporter-output>
          </reporter-output>
        </test-method> <!-- setUp -->
        <test-method status="PASS" signature="beforeMethod(java.lang.reflect.Method)[pri:0, instance:accountManagement.TestLoginFunctionality@2de23121]" name="beforeMethod" is-config="true" duration-ms="5" started-at="2019-09-26T00:22:36Z" finished-at="2019-09-26T00:22:36Z">
          <params>
            <param index="0">
              <value>
                <![CDATA[public void accountManagement.TestLoginFunctionality.LoginToStore(java.lang.String,java.lang.String,java.lang.String,java.lang.String) throws java.lang.Exception]]>
              </value>
            </param>
          </params>
          <reporter-output>
          </reporter-output>
        </test-method> <!-- beforeMethod -->
        <test-method status="PASS" signature="LoginToStore(java.lang.String, java.lang.String, java.lang.String, java.lang.String)[pri:0, instance:accountManagement.TestLoginFunctionality@2de23121]" name="LoginToStore" duration-ms="4986" started-at="2019-09-26T00:22:36Z" data-provider="getExcelData" finished-at="2019-09-26T00:22:41Z">
          <params>
            <param index="0">
              <value>
                <![CDATA[TC_001]]>
              </value>
            </param>
            <param index="1">
              <value>
                <![CDATA[kvalera29@gmail.com]]>
              </value>
            </param>
            <param index="2">
              <value>
                <![CDATA[test]]>
              </value>
            </param>
            <param index="3">
              <value>
                <![CDATA[Y]]>
              </value>
            </param>
          </params>
          <reporter-output>
            <line>
              <![CDATA[Test Method resides in accountManagement.TestLoginFunctionality]]>
            </line>
            <line>
              <![CDATA[Test Method had the following parameters : ]]>
            </line>
            <line>
              <![CDATA[Test Method had the following parameters : [Ljava.lang.Object;@673bb956]]>
            </line>
            <line>
              <![CDATA[Test Status: Pass]]>
            </line>
          </reporter-output>
        </test-method> <!-- LoginToStore -->
        <test-method status="PASS" signature="afterMethod(org.testng.ITestResult)[pri:0, instance:accountManagement.TestLoginFunctionality@2de23121]" name="afterMethod" is-config="true" duration-ms="1" started-at="2019-09-26T00:22:41Z" finished-at="2019-09-26T00:22:41Z">
          <params>
            <param index="0">
              <value>
                <![CDATA[[TestResult name=LoginToStore status=SUCCESS method=TestLoginFunctionality.LoginToStore(java.lang.String, java.lang.String, java.lang.String, java.lang.String)[pri:0, instance:accountManagement.TestLoginFunctionality@2de23121] output=Test Method resides in accountManagement.TestLoginFunctionality]]]>
              </value>
            </param>
          </params>
          <reporter-output>
          </reporter-output>
        </test-method> <!-- afterMethod -->
        <test-method status="PASS" signature="beforeMethod(java.lang.reflect.Method)[pri:0, instance:accountManagement.TestLoginFunctionality@2de23121]" name="beforeMethod" is-config="true" duration-ms="1" started-at="2019-09-26T00:22:41Z" finished-at="2019-09-26T00:22:41Z">
          <params>
            <param index="0">
              <value>
                <![CDATA[public void accountManagement.TestLoginFunctionality.LoginToStore(java.lang.String,java.lang.String,java.lang.String,java.lang.String) throws java.lang.Exception]]>
              </value>
            </param>
          </params>
          <reporter-output>
          </reporter-output>
        </test-method> <!-- beforeMethod -->
        <test-method status="SKIP" signature="LoginToStore(java.lang.String, java.lang.String, java.lang.String, java.lang.String)[pri:0, instance:accountManagement.TestLoginFunctionality@2de23121]" name="LoginToStore" duration-ms="17" started-at="2019-09-26T00:22:41Z" data-provider="getExcelData" finished-at="2019-09-26T00:22:41Z">
          <params>
            <param index="0">
              <value>
                <![CDATA[TC_002]]>
              </value>
            </param>
            <param index="1">
              <value>
                <![CDATA[test@test.com]]>
              </value>
            </param>
            <param index="2">
              <value>
                <![CDATA[test]]>
              </value>
            </param>
            <param index="3">
              <value>
                <![CDATA[N]]>
              </value>
            </param>
          </params>
          <exception class="org.testng.SkipException">
            <message>
              <![CDATA[Skip the test]]>
            </message>
            <full-stacktrace>
              <![CDATA[org.testng.SkipException: Skip the test
at com.opencart.automation.testBase.TestBase.runModeValidator(TestBase.java:1006)
at accountManagement.TestLoginFunctionality.LoginToStore(TestLoginFunctionality.java:28)
at sun.reflect.NativeMethodAccessorImpl.invoke0(Native Method)
at sun.reflect.NativeMethodAccessorImpl.invoke(NativeMethodAccessorImpl.java:62)
at sun.reflect.DelegatingMethodAccessorImpl.invoke(DelegatingMethodAccessorImpl.java:43)
at java.lang.reflect.Method.invoke(Method.java:498)
at org.testng.internal.MethodInvocationHelper.invokeMethod(MethodInvocationHelper.java:124)
at org.testng.internal.Invoker.invokeMethod(Invoker.java:583)
at org.testng.internal.Invoker.invokeTestMethod(Invoker.java:719)
at org.testng.internal.Invoker.invokeTestMethods(Invoker.java:989)
at org.testng.internal.TestMethodWorker.invokeTestMethods(TestMethodWorker.java:125)
at org.testng.internal.TestMethodWorker.run(TestMethodWorker.java:109)
at org.testng.TestRunner.privateRun(TestRunner.java:648)
at org.testng.TestRunner.run(TestRunner.java:505)
at org.testng.SuiteRunner.runTest(SuiteRunner.java:455)
at org.testng.SuiteRunner.runSequentially(SuiteRunner.java:450)
at org.testng.SuiteRunner.privateRun(SuiteRunner.java:415)
at org.testng.SuiteRunner.run(SuiteRunner.java:364)
at org.testng.SuiteRunnerWorker.runSuite(SuiteRunnerWorker.java:52)
at org.testng.SuiteRunnerWorker.run(SuiteRunnerWorker.java:84)
at org.testng.TestNG.runSuitesSequentially(TestNG.java:1208)
at org.testng.TestNG.runSuitesLocally(TestNG.java:1137)
at org.testng.TestNG.runSuites(TestNG.java:1049)
at org.testng.TestNG.run(TestNG.java:1017)
at org.apache.maven.surefire.testng.TestNGExecutor.run(TestNGExecutor.java:283)
at org.apache.maven.surefire.testng.TestNGXmlTestSuite.execute(TestNGXmlTestSuite.java:75)
at org.apache.maven.surefire.testng.TestNGProvider.invoke(TestNGProvider.java:120)
at org.apache.maven.surefire.booter.ForkedBooter.invokeProviderInSameClassLoader(ForkedBooter.java:383)
at org.apache.maven.surefire.booter.ForkedBooter.runSuitesInProcess(ForkedBooter.java:344)
at org.apache.maven.surefire.booter.ForkedBooter.execute(ForkedBooter.java:125)
at org.apache.maven.surefire.booter.ForkedBooter.main(ForkedBooter.java:417)
]]>
            </full-stacktrace>
          </exception> <!-- org.testng.SkipException -->
          <reporter-output>
            <line>
              <![CDATA[Test is skipped:LoginToStore]]>
            </line>
          </reporter-output>
        </test-method> <!-- LoginToStore -->
        <test-method status="PASS" signature="afterMethod(org.testng.ITestResult)[pri:0, instance:accountManagement.TestLoginFunctionality@2de23121]" name="afterMethod" is-config="true" duration-ms="0" started-at="2019-09-26T00:22:41Z" finished-at="2019-09-26T00:22:41Z">
          <params>
            <param index="0">
              <value>
                <![CDATA[[TestResult name=LoginToStore status=SKIP method=TestLoginFunctionality.LoginToStore(java.lang.String, java.lang.String, java.lang.String, java.lang.String)[pri:0, instance:accountManagement.TestLoginFunctionality@2de23121] output=Test is skipped:LoginToStore]]]>
              </value>
            </param>
          </params>
          <reporter-output>
          </reporter-output>
        </test-method> <!-- afterMethod -->
        <test-method status="PASS" signature="afterClass()[pri:0, instance:accountManagement.TestLoginFunctionality@2de23121]" name="afterClass" is-config="true" duration-ms="3856" started-at="2019-09-26T00:22:41Z" finished-at="2019-09-26T00:22:45Z">
          <reporter-output>
          </reporter-output>
        </test-method> <!-- afterClass -->
        <test-method status="PASS" signature="afterTest(org.testng.ITestContext)[pri:0, instance:accountManagement.TestLoginFunctionality@2de23121]" name="afterTest" is-config="true" duration-ms="232" started-at="2019-09-26T00:22:45Z" finished-at="2019-09-26T00:22:45Z">
          <params>
            <param index="0">
              <value>
                <![CDATA[org.testng.TestRunner@6de30571]]>
              </value>
            </param>
          </params>
          <reporter-output>
          </reporter-output>
        </test-method> <!-- afterTest -->
      </class> <!-- accountManagement.TestLoginFunctionality -->
    </test> <!-- TestLogin -->
  </suite> <!-- Suite usa black caviar -->
</testng-results>
