<?xml version="1.0" encoding="UTF-8"?>
<!-- Generated by org.testng.reporters.JUnitXMLReporter -->
<testsuite hostname="DESKTOP-GOJ5L9I" ignored="0" name="TestLogin" tests="2" failures="0" timestamp="26 Sep 2019 00:22:45 GMT" time="15.766" errors="0">
  <testcase name="LoginToStore" time="4.986" classname="accountManagement.TestLoginFunctionality"/>
  <testcase name="LoginToStore" time="0.017" classname="accountManagement.TestLoginFunctionality">
    <skipped/>
  </testcase> <!-- LoginToStore -->
</testsuite> <!-- TestLogin -->
