<h2>Reporter output</h2><table><tr><td>About to begin executing Suite Suite usa black caviar</td></tr>
<tr><td>
 ========About to begin executing Test TestLogin========= 
</td></tr>
<tr><td>Test Method resides in accountManagement.TestLoginFunctionality</td></tr>
<tr><td>Test Method had the following parameters : </td></tr>
<tr><td>Test Method had the following parameters : [Ljava.lang.Object;@6c345c5f</td></tr>
<tr><td>Test Status: Pass</td></tr>
<tr><td>Retrying test LoginToStore with status FAILURE for the 1 time(s).</td></tr>
<tr><td>Test is skipped:LoginToStore</td></tr>
<tr><td>Retrying test LoginToStore with status FAILURE for the 2 time(s).</td></tr>
<tr><td>Test is skipped:LoginToStore</td></tr>
<tr><td>Retrying test LoginToStore with status FAILURE for the 3 time(s).</td></tr>
<tr><td>Test is skipped:LoginToStore</td></tr>
<tr><td><a href='C:\Users\vk\git\opencart_pom\opencart\test-output\pom_framework_output\screenshots\failed_tests\LoginToStore_26_09_2019_11_43_48.png'> <img src='C:\Users\vk\git\opencart_pom\opencart\test-output\pom_framework_output\screenshots\failed_tests\LoginToStore_26_09_2019_11_43_48.png' height='100' width='100'/> </a></td></tr>
<tr><td>Test Method resides in accountManagement.TestLoginFunctionality</td></tr>
<tr><td>Test Method had the following parameters : </td></tr>
<tr><td>Test Method had the following parameters : [Ljava.lang.Object;@66434cc8</td></tr>
<tr><td>Test Status: Failed</td></tr>
<tr><td><a href='C:\Users\vk\git\opencart_pom\opencart\test-output\pom_framework_output\screenshots\blank_26_09_2019_11_43_48.png'> <img src='C:\Users\vk\git\opencart_pom\opencart\test-output\pom_framework_output\screenshots\blank_26_09_2019_11_43_48.png' height='100' width='100'/> </a></td></tr>
</table>